[debug] [2021-12-23T17:25:40.371Z] ----------------------------------------------------------------------
[debug] [2021-12-23T17:25:40.374Z] Command:       C:\Program Files (x86)\nodejs\node.exe C:\Users\mixo-admin\AppData\Roaming\npm\node_modules\firebase-tools\lib\bin\firebase.js init
[debug] [2021-12-23T17:25:40.374Z] CLI Version:   10.0.1
[debug] [2021-12-23T17:25:40.374Z] Platform:      win32
[debug] [2021-12-23T17:25:40.374Z] Node Version:  v14.17.0
[debug] [2021-12-23T17:25:40.386Z] Time:          Thu Dec 23 2021 17:25:40 GMT+0000 (Greenwich Mean Time)
[debug] [2021-12-23T17:25:40.386Z] ----------------------------------------------------------------------
[debug] 
[debug] [2021-12-23T17:25:40.393Z] > command requires scopes: ["email","openid","https://www.googleapis.com/auth/cloudplatformprojects.readonly","https://www.googleapis.com/auth/firebase","https://www.googleapis.com/auth/cloud-platform"]
[debug] [2021-12-23T17:25:40.394Z] > authorizing via signed-in user (jonherbertmusic@gmail.com)
[info] 
     ######## #### ########  ######## ########     ###     ######  ########
     ##        ##  ##     ## ##       ##     ##  ##   ##  ##       ##
     ######    ##  ########  ######   ########  #########  ######  ######
     ##        ##  ##    ##  ##       ##     ## ##     ##       ## ##
     ##       #### ##     ## ######## ########  ##     ##  ######  ########

You're about to initialize a Firebase project in this directory:

  C:\Users\mixo-admin\Documents\dandd-party

[info] 
=== Project Setup
[info] 
[info] First, let's associate this project directory with a Firebase project.
[info] You can create multiple project aliases by running firebase use --add, 
[info] but for now we'll just set up a default project.
[info] 
[info] i  If you want to create a project in a Google Cloud organization or folder, please use "firebase projects:create" instead, and return to this command when you've created the project. 
[debug] [2021-12-23T17:30:35.557Z] > refreshing access token with scopes: ["email","https://www.googleapis.com/auth/cloud-platform","https://www.googleapis.com/auth/cloudplatformprojects.readonly","https://www.googleapis.com/auth/firebase","openid"]
[debug] [2021-12-23T17:30:35.558Z] >>> HTTP REQUEST POST https://www.googleapis.com/oauth2/v3/token  
 <request body omitted>
[debug] [2021-12-23T17:30:35.845Z] <<< HTTP RESPONSE 200 {"date":"Thu, 23 Dec 2021 17:30:35 GMT","expires":"Mon, 01 Jan 1990 00:00:00 GMT","cache-control":"no-cache, no-store, max-age=0, must-revalidate","pragma":"no-cache","content-type":"application/json; charset=utf-8","vary":"X-Origin, Referer, Origin,Accept-Encoding","server":"scaffolding on HTTPServer2","x-xss-protection":"0","x-frame-options":"SAMEORIGIN","x-content-type-options":"nosniff","alt-svc":"h3=\":443\"; ma=2592000,h3-29=\":443\"; ma=2592000,h3-Q050=\":443\"; ma=2592000,h3-Q046=\":443\"; ma=2592000,h3-Q043=\":443\"; ma=2592000,quic=\":443\"; ma=2592000; v=\"46,43\"","accept-ranges":"none","transfer-encoding":"chunked"}
[debug] [2021-12-23T17:30:35.908Z] >>> HTTP REQUEST POST https://cloudresourcemanager.googleapis.com/v1/projects  
 {"projectId":"dandd-party","name":"dandd-party"}
[debug] [2021-12-23T17:30:36.753Z] <<< HTTP RESPONSE 409 {"vary":"X-Origin, Referer, Origin,Accept-Encoding","content-type":"application/json; charset=UTF-8","date":"Thu, 23 Dec 2021 17:30:36 GMT","server":"ESF","cache-control":"private","x-xss-protection":"0","x-frame-options":"SAMEORIGIN","x-content-type-options":"nosniff","server-timing":"gfet4t7; dur=632","alt-svc":"h3=\":443\"; ma=2592000,h3-29=\":443\"; ma=2592000,h3-Q050=\":443\"; ma=2592000,h3-Q046=\":443\"; ma=2592000,h3-Q043=\":443\"; ma=2592000,quic=\":443\"; ma=2592000; v=\"46,43\"","accept-ranges":"none","transfer-encoding":"chunked"}
[debug] [2021-12-23T17:30:36.754Z] <<< HTTP RESPONSE BODY {"error":{"code":409,"message":"Requested entity already exists","status":"ALREADY_EXISTS"}}
[debug] [2021-12-23T17:30:36.927Z] FirebaseError: HTTP Error: 409, Requested entity already exists
    at module.exports (C:\Users\mixo-admin\AppData\Roaming\npm\node_modules\firebase-tools\lib\responseToError.js:38:12)
    at Request._callback (C:\Users\mixo-admin\AppData\Roaming\npm\node_modules\firebase-tools\lib\api.js:41:35)
    at Request.self.callback (C:\Users\mixo-admin\AppData\Roaming\npm\node_modules\firebase-tools\node_modules\request\request.js:185:22)
    at Request.emit (events.js:376:20)
    at Request.emit (domain.js:470:12)
    at Request.<anonymous> (C:\Users\mixo-admin\AppData\Roaming\npm\node_modules\firebase-tools\node_modules\request\request.js:1154:10)
    at Request.emit (events.js:376:20)
    at Request.emit (domain.js:470:12)
    at IncomingMessage.<anonymous> (C:\Users\mixo-admin\AppData\Roaming\npm\node_modules\firebase-tools\node_modules\request\request.js:1076:12)
    at Object.onceWrapper (events.js:482:28)
    at IncomingMessage.emit (events.js:388:22)
    at IncomingMessage.emit (domain.js:470:12)
    at endReadableNT (internal/streams/readable.js:1336:12)
    at processTicksAndRejections (internal/process/task_queues.js:82:21)
[error] 
[error] Error: Failed to create project because there is already a project with ID dandd-party. Please try again with a unique project ID.
[debug] [2021-12-23T17:30:46.592Z] ----------------------------------------------------------------------
[debug] [2021-12-23T17:30:46.594Z] Command:       C:\Program Files (x86)\nodejs\node.exe C:\Users\mixo-admin\AppData\Roaming\npm\node_modules\firebase-tools\lib\bin\firebase.js init
[debug] [2021-12-23T17:30:46.594Z] CLI Version:   10.0.1
[debug] [2021-12-23T17:30:46.594Z] Platform:      win32
[debug] [2021-12-23T17:30:46.594Z] Node Version:  v14.17.0
[debug] [2021-12-23T17:30:46.606Z] Time:          Thu Dec 23 2021 17:30:46 GMT+0000 (Greenwich Mean Time)
[debug] [2021-12-23T17:30:46.606Z] ----------------------------------------------------------------------
[debug] 
[debug] [2021-12-23T17:30:46.615Z] > command requires scopes: ["email","openid","https://www.googleapis.com/auth/cloudplatformprojects.readonly","https://www.googleapis.com/auth/firebase","https://www.googleapis.com/auth/cloud-platform"]
[debug] [2021-12-23T17:30:46.616Z] > authorizing via signed-in user (jonherbertmusic@gmail.com)
[info] 
     ######## #### ########  ######## ########     ###     ######  ########
     ##        ##  ##     ## ##       ##     ##  ##   ##  ##       ##
     ######    ##  ########  ######   ########  #########  ######  ######
     ##        ##  ##    ##  ##       ##     ## ##     ##       ## ##
     ##       #### ##     ## ######## ########  ##     ##  ######  ########

You're about to initialize a Firebase project in this directory:

  C:\Users\mixo-admin\Documents\dandd-party

[info] 
=== Project Setup
[info] 
[info] First, let's associate this project directory with a Firebase project.
[info] You can create multiple project aliases by running firebase use --add, 
[info] but for now we'll just set up a default project.
[info] 
[debug] [2021-12-23T17:30:57.620Z] > refreshing access token with scopes: []
[debug] [2021-12-23T17:30:57.621Z] >>> HTTP REQUEST POST https://www.googleapis.com/oauth2/v3/token  
 <request body omitted>
[debug] [2021-12-23T17:30:57.806Z] <<< HTTP RESPONSE 200 {"date":"Thu, 23 Dec 2021 17:30:57 GMT","pragma":"no-cache","expires":"Mon, 01 Jan 1990 00:00:00 GMT","cache-control":"no-cache, no-store, max-age=0, must-revalidate","content-type":"application/json; charset=utf-8","vary":"X-Origin, Referer, Origin,Accept-Encoding","server":"scaffolding on HTTPServer2","x-xss-protection":"0","x-frame-options":"SAMEORIGIN","x-content-type-options":"nosniff","alt-svc":"h3=\":443\"; ma=2592000,h3-29=\":443\"; ma=2592000,h3-Q050=\":443\"; ma=2592000,h3-Q046=\":443\"; ma=2592000,h3-Q043=\":443\"; ma=2592000,quic=\":443\"; ma=2592000; v=\"46,43\"","accept-ranges":"none","transfer-encoding":"chunked"}
[debug] [2021-12-23T17:30:57.835Z] >>> [apiv2][query] GET https://firebase.googleapis.com/v1beta1/projects pageSize=100
[debug] [2021-12-23T17:30:58.367Z] <<< [apiv2][status] GET https://firebase.googleapis.com/v1beta1/projects 200
[debug] [2021-12-23T17:30:58.367Z] <<< [apiv2][body] GET https://firebase.googleapis.com/v1beta1/projects [omitted]
[info] i  Using project dandd-party (DandD-Party) 
[info] 
=== Hosting Setup
[info] 
[info] Your public directory is the folder (relative to your project directory) that
[info] will contain Hosting assets to be uploaded with firebase deploy. If you
[info] have a build process for your assets, use your build's output directory.
[info] 
[debug] [2021-12-23T17:31:35.048Z] >>> [apiv2][query] GET https://www.gstatic.com/firebasejs/releases.json [none]
[debug] [2021-12-23T17:31:35.187Z] <<< [apiv2][status] GET https://www.gstatic.com/firebasejs/releases.json 200
[debug] [2021-12-23T17:31:35.187Z] <<< [apiv2][body] GET https://www.gstatic.com/firebasejs/releases.json {"current":{"version":"9.6.1","browserURL":"https://www.gstatic.com/firebasejs/9.6.1/firebase.js","packageURL":"https://www.gstatic.com/firebasejs/9.6.1/firebase.tgz"},"live":{"version":"9.6","browserURL":"https://www.gstatic.com/firebasejs/live/9.6/firebase.js","packageURL":"https://www.gstatic.com/firebasejs/live/9.6/firebase.tgz"},"components":{"analytics":"https://www.gstatic.com/firebasejs/9.6.1/firebase-analytics.js","app":"https://www.gstatic.com/firebasejs/9.6.1/firebase-app.js","app-check":"https://www.gstatic.com/firebasejs/9.6.1/firebase-app-check.js","auth":"https://www.gstatic.com/firebasejs/9.6.1/firebase-auth.js","auth/cordova":"https://www.gstatic.com/firebasejs/9.6.1/firebase-auth/cordova.js","auth/react-native":"https://www.gstatic.com/firebasejs/9.6.1/firebase-auth/react-native.js","functions":"https://www.gstatic.com/firebasejs/9.6.1/firebase-functions.js","firestore":"https://www.gstatic.com/firebasejs/9.6.1/firebase-firestore.js","firestore/lite":"https://www.gstatic.com/firebasejs/9.6.1/firebase-firestore/lite.js","storage":"https://www.gstatic.com/firebasejs/9.6.1/firebase-storage.js","performance":"https://www.gstatic.com/firebasejs/9.6.1/firebase-performance.js","remote-config":"https://www.gstatic.com/firebasejs/9.6.1/firebase-remote-config.js","messaging":"https://www.gstatic.com/firebasejs/9.6.1/firebase-messaging.js","messaging/sw":"https://www.gstatic.com/firebasejs/9.6.1/firebase-messaging/sw.js","database":"https://www.gstatic.com/firebasejs/9.6.1/firebase-database.js","firestore.memory":"https://www.gstatic.com/firebasejs/9.6.1/firebase-firestore.memory.js"}}
[info] i  Skipping write of public/index.html 
[info] 
[info] i  Detected a .git folder at C:\Users\mixo-admin\Documents\dandd-party 
[info] i  Authorizing with GitHub to upload your service account to a GitHub repository's secrets store. 
[info] 
[info] Visit this URL on this device to log in:
[info] https://github.com/login/oauth/authorize?client_id=89cf50f02ac6aaed3484&state=644272925&redirect_uri=http%3A%2F%2Flocalhost%3A9005&scope=read%3Auser%20repo%20public_repo
[info] 
[info] Waiting for authentication...
[debug] [2021-12-23T17:32:57.897Z] >>> HTTP REQUEST POST https://github.com/login/oauth/access_token  
 {"client_id":"89cf50f02ac6aaed3484","client_secret":"3330d14abc895d9a74d5f17cd7a00711fa2c5bf0","code":"396e9ecb73abacdef72a","redirect_uri":"http://localhost:9005","state":"644272925"}
[debug] [2021-12-23T17:32:58.261Z] <<< HTTP RESPONSE 200 {"server":"GitHub.com","date":"Thu, 23 Dec 2021 17:32:57 GMT","content-type":"application/json; charset=utf-8","transfer-encoding":"chunked","vary":"X-PJAX, X-PJAX-Container, Accept-Encoding, Accept, X-Requested-With","permissions-policy":"interest-cohort=()","etag":"W/\"18d011a4e931871b01247729104b750d\"","cache-control":"max-age=0, private, must-revalidate","strict-transport-security":"max-age=31536000; includeSubdomains; preload","x-frame-options":"deny","x-content-type-options":"nosniff","x-xss-protection":"0","referrer-policy":"origin-when-cross-origin, strict-origin-when-cross-origin","expect-ct":"max-age=2592000, report-uri=\"https://api.github.com/_private/browser/errors\"","content-security-policy":"default-src 'none'; base-uri 'self'; block-all-mixed-content; child-src github.com/assets-cdn/worker/ gist.github.com/assets-cdn/worker/; connect-src 'self' uploads.github.com objects-origin.githubusercontent.com www.githubstatus.com collector.githubapp.com api.github.com github-cloud.s3.amazonaws.com github-production-repository-file-5c1aeb.s3.amazonaws.com github-production-upload-manifest-file-7fdce7.s3.amazonaws.com github-production-user-asset-6210df.s3.amazonaws.com cdn.optimizely.com logx.optimizely.com/v1/events translator.github.com wss://alive.github.com; font-src github.githubassets.com; form-action 'self' github.com gist.github.com objects-origin.githubusercontent.com; frame-ancestors 'none'; frame-src render.githubusercontent.com viewscreen.githubusercontent.com notebooks.githubusercontent.com; img-src 'self' data: github.githubassets.com identicons.github.com collector.githubapp.com github-cloud.s3.amazonaws.com secured-user-images.githubusercontent.com/ *.githubusercontent.com; manifest-src 'self'; media-src github.com user-images.githubusercontent.com/; script-src github.githubassets.com; style-src 'unsafe-inline' github.githubassets.com; worker-src github.com/assets-cdn/worker/ gist.github.com/assets-cdn/worker/","x-github-request-id":"FC47:55E3:2D94ACA:2F9F7B1:61C4B2C9"}
[debug] [2021-12-23T17:32:58.267Z] >>> [apiv2][query] GET https://api.github.com/user [none]
[debug] [2021-12-23T17:32:58.618Z] <<< [apiv2][status] GET https://api.github.com/user 200
[debug] [2021-12-23T17:32:58.618Z] <<< [apiv2][body] GET https://api.github.com/user {"login":"JonHerbert","id":3933387,"node_id":"MDQ6VXNlcjM5MzMzODc=","avatar_url":"https://avatars.githubusercontent.com/u/3933387?v=4","gravatar_id":"","url":"https://api.github.com/users/JonHerbert","html_url":"https://github.com/JonHerbert","followers_url":"https://api.github.com/users/JonHerbert/followers","following_url":"https://api.github.com/users/JonHerbert/following{/other_user}","gists_url":"https://api.github.com/users/JonHerbert/gists{/gist_id}","starred_url":"https://api.github.com/users/JonHerbert/starred{/owner}{/repo}","subscriptions_url":"https://api.github.com/users/JonHerbert/subscriptions","organizations_url":"https://api.github.com/users/JonHerbert/orgs","repos_url":"https://api.github.com/users/JonHerbert/repos","events_url":"https://api.github.com/users/JonHerbert/events{/privacy}","received_events_url":"https://api.github.com/users/JonHerbert/received_events","type":"User","site_admin":false,"name":"Jon","company":null,"blog":"http://jonherbertmusic.co.uk/","location":"Chichester, UK","email":null,"hireable":true,"bio":null,"twitter_username":null,"public_repos":6,"public_gists":0,"followers":0,"following":0,"created_at":"2013-03-21T17:00:19Z","updated_at":"2021-10-09T12:38:15Z","private_gists":1,"total_private_repos":5,"owned_private_repos":5,"disk_usage":80321,"collaborators":0,"two_factor_authentication":false,"plan":{"name":"free","space":976562499,"collaborators":0,"private_repos":10000}}
[info] 
[info] +  Success! Logged into GitHub as JonHerbert 
[info] 
[debug] [2021-12-23T17:33:19.686Z] >>> [apiv2][query] GET https://api.github.com/repos/dandd-party/actions/secrets/public-key type=owner
[debug] [2021-12-23T17:33:20.200Z] <<< [apiv2][status] GET https://api.github.com/repos/dandd-party/actions/secrets/public-key 404
[debug] [2021-12-23T17:33:20.200Z] <<< [apiv2][body] GET https://api.github.com/repos/dandd-party/actions/secrets/public-key {"message":"Not Found","documentation_url":"https://docs.github.com/rest"}
[debug] [2021-12-23T17:33:45.554Z] >>> [apiv2][query] GET https://api.github.com/repos/danddparty/actions/secrets/public-key type=owner
[debug] [2021-12-23T17:33:46.014Z] <<< [apiv2][status] GET https://api.github.com/repos/danddparty/actions/secrets/public-key 404
[debug] [2021-12-23T17:33:46.014Z] <<< [apiv2][body] GET https://api.github.com/repos/danddparty/actions/secrets/public-key {"message":"Not Found","documentation_url":"https://docs.github.com/rest"}
